{
  "stats": {
    "suites": 2,
    "tests": 3,
    "passes": 1,
    "pending": 0,
    "failures": 2,
    "start": "2020-03-22T15:43:49.084Z",
    "end": "2020-03-22T15:43:54.757Z",
    "duration": 5673,
    "testsRegistered": 3,
    "passPercent": 33.33333333333333,
    "pendingPercent": 0,
    "other": 0,
    "hasOther": false,
    "skipped": 0,
    "hasSkipped": false
  },
  "results": [
    {
      "uuid": "b4067c23-5c59-48ef-a8a8-fb62dc3a1a84",
      "title": "",
      "fullFile": "cypress/integration/anotherTest-spec.js",
      "file": "cypress/integration/anotherTest-spec.js",
      "beforeHooks": [],
      "afterHooks": [],
      "tests": [],
      "suites": [
        {
          "uuid": "6140df2b-400d-406d-b3c5-1275a8c4d1bc",
          "title": "Test to see if element click fails",
          "fullFile": "",
          "file": "",
          "beforeHooks": [],
          "afterHooks": [],
          "tests": [
            {
              "title": "can click a button that is not there",
              "fullTitle": "Test to see if element click fails can click a button that is not there",
              "timedOut": null,
              "duration": 4807,
              "state": "failed",
              "speed": null,
              "pass": false,
              "fail": true,
              "pending": false,
              "context": null,
              "code": "cy.visit('/');\ncy.get('.callmemaybe').click();",
              "err": {
                "message": "CypressError: Timed out retrying: Expected to find element: '.callmemaybe', but never found it.",
                "estack": "CypressError: Timed out retrying: Expected to find element: '.callmemaybe', but never found it.\n    at cypressErr (http://localhost:8081/__cypress/runner/cypress_runner.js:138644:9)\n    at throwErr (http://localhost:8081/__cypress/runner/cypress_runner.js:138577:11)\n    at Object.throwErrByPath (http://localhost:8081/__cypress/runner/cypress_runner.js:138625:3)\n    at retry (http://localhost:8081/__cypress/runner/cypress_runner.js:132905:19)\n    at onFailFn (http://localhost:8081/__cypress/runner/cypress_runner.js:121122:16)\n    at tryCatcher (http://localhost:8081/__cypress/runner/cypress_runner.js:165465:23)\n    at Promise._settlePromiseFromHandler (http://localhost:8081/__cypress/runner/cypress_runner.js:163401:31)\n    at Promise._settlePromise (http://localhost:8081/__cypress/runner/cypress_runner.js:163458:18)\n    at Promise._settlePromise0 (http://localhost:8081/__cypress/runner/cypress_runner.js:163503:10)\n    at Promise._settlePromises (http://localhost:8081/__cypress/runner/cypress_runner.js:163578:18)\n    at Async../node_modules/bluebird/js/release/async.js.Async._drainQueue (http://localhost:8081/__cypress/runner/cypress_runner.js:160190:16)\n    at Async../node_modules/bluebird/js/release/async.js.Async._drainQueues (http://localhost:8081/__cypress/runner/cypress_runner.js:160200:10)\n    at Async.drainQueues (http://localhost:8081/__cypress/runner/cypress_runner.js:160074:14)",
                "diff": null
              },
              "uuid": "c7cf30aa-fd0c-4e44-9d1a-c504a07d90c2",
              "parentUUID": "6140df2b-400d-406d-b3c5-1275a8c4d1bc",
              "isHook": false,
              "skipped": false
            },
            {
              "title": "Can visit homepage",
              "fullTitle": "Test to see if element click fails Can visit homepage",
              "timedOut": null,
              "duration": 108,
              "state": "passed",
              "speed": "slow",
              "pass": true,
              "fail": false,
              "pending": false,
              "context": null,
              "code": "cy.visit('/');",
              "err": {},
              "uuid": "70d4156a-790a-4fdc-a613-2d160fd9dbf3",
              "parentUUID": "6140df2b-400d-406d-b3c5-1275a8c4d1bc",
              "isHook": false,
              "skipped": false
            }
          ],
          "suites": [],
          "passes": [
            "70d4156a-790a-4fdc-a613-2d160fd9dbf3"
          ],
          "failures": [
            "c7cf30aa-fd0c-4e44-9d1a-c504a07d90c2"
          ],
          "pending": [],
          "skipped": [],
          "duration": 4915,
          "root": false,
          "rootEmpty": false,
          "_timeout": 2000
        },
        {
          "uuid": "05ed0474-3c26-43e1-a11b-592f80114c32",
          "title": "Test to see if 2 equals 1",
          "fullFile": "",
          "file": "",
          "beforeHooks": [],
          "afterHooks": [],
          "tests": [
            {
              "title": "should pass",
              "fullTitle": "Test to see if 2 equals 1 should pass",
              "timedOut": null,
              "duration": 281,
              "state": "failed",
              "speed": null,
              "pass": false,
              "fail": true,
              "pending": false,
              "context": null,
              "code": "expect(2).to.equal(1);",
              "err": {
                "message": "AssertionError: expected 2 to equal 1",
                "estack": "AssertionError: expected 2 to equal 1\n    at Context.runnable.fn (http://localhost:8081/__cypress/runner/cypress_runner.js:137870:24)\n    at callFn (http://localhost:8081/__cypress/runner/cypress_runner.js:80975:21)\n    at http://localhost:8081/__cypress/runner/cypress_runner.js:141210:28\n    at PassThroughHandlerContext.finallyHandler (http://localhost:8081/__cypress/runner/cypress_runner.js:162020:23)\n    at PassThroughHandlerContext.tryCatcher (http://localhost:8081/__cypress/runner/cypress_runner.js:165465:23)\n    at Promise._settlePromiseFromHandler (http://localhost:8081/__cypress/runner/cypress_runner.js:163401:31)\n    at Promise._settlePromise (http://localhost:8081/__cypress/runner/cypress_runner.js:163458:18)\n    at Promise._settlePromise0 (http://localhost:8081/__cypress/runner/cypress_runner.js:163503:10)\n    at Promise._settlePromises (http://localhost:8081/__cypress/runner/cypress_runner.js:163582:18)\n    at Async../node_modules/bluebird/js/release/async.js.Async._drainQueue (http://localhost:8081/__cypress/runner/cypress_runner.js:160190:16)\n    at Async../node_modules/bluebird/js/release/async.js.Async._drainQueues (http://localhost:8081/__cypress/runner/cypress_runner.js:160200:10)\n    at Async.drainQueues (http://localhost:8081/__cypress/runner/cypress_runner.js:160074:14)",
                "diff": "- 2\n+ 1\n"
              },
              "uuid": "dab29c52-40a4-472e-92db-fbed37b58fa9",
              "parentUUID": "05ed0474-3c26-43e1-a11b-592f80114c32",
              "isHook": false,
              "skipped": false
            }
          ],
          "suites": [],
          "passes": [],
          "failures": [
            "dab29c52-40a4-472e-92db-fbed37b58fa9"
          ],
          "pending": [],
          "skipped": [],
          "duration": 281,
          "root": false,
          "rootEmpty": false,
          "_timeout": 2000
        }
      ],
      "passes": [],
      "failures": [],
      "pending": [],
      "skipped": [],
      "duration": 0,
      "root": true,
      "rootEmpty": true,
      "_timeout": 2000
    }
  ],
  "meta": {
    "mocha": {
      "version": "5.2.0"
    },
    "mochawesome": {
      "options": {
        "quiet": true,
        "reportFilename": "mochawesome",
        "saveHtml": false,
        "saveJson": true,
        "consoleReporter": "spec",
        "useInlineDiffs": false
      },
      "version": "4.1.0"
    },
    "marge": {
      "options": {
        "reportDir": "cypress/reports/integration/reports/mocha",
        "quiet": true,
        "html": false,
        "overwrite": false,
        "json": true
      },
      "version": "4.1.0"
    }
  }
}