{
  "stats": {
    "suites": 3,
    "tests": 3,
    "passes": 2,
    "pending": 0,
    "failures": 1,
    "start": "2020-03-23T04:16:20.853Z",
    "end": "2020-03-23T04:16:52.265Z",
    "duration": 31412,
    "testsRegistered": 3,
    "passPercent": 66.66666666666666,
    "pendingPercent": 0,
    "other": 0,
    "hasOther": false,
    "skipped": 0,
    "hasSkipped": false
  },
  "results": [
    {
      "uuid": "1474782c-5af1-421f-925a-dfb5b38a0b4f",
      "title": "",
      "fullFile": "cypress/integration/test-spec.js",
      "file": "cypress/integration/test-spec.js",
      "beforeHooks": [],
      "afterHooks": [],
      "tests": [],
      "suites": [
        {
          "uuid": "45ab41f9-60a8-49e2-a3d0-3ebae5cd1b57",
          "title": "coverage",
          "fullFile": "",
          "file": "",
          "beforeHooks": [],
          "afterHooks": [],
          "tests": [
            {
              "title": "cover the tested code",
              "fullTitle": "coverage cover the tested code",
              "timedOut": null,
              "duration": 479,
              "state": "passed",
              "speed": "slow",
              "pass": true,
              "fail": false,
              "pending": false,
              "context": null,
              "code": "cy.visit('/');\ncy.get('button').click();",
              "err": {},
              "uuid": "32924393-5937-4904-a81b-887a1d7c7f64",
              "parentUUID": "45ab41f9-60a8-49e2-a3d0-3ebae5cd1b57",
              "isHook": false,
              "skipped": false
            }
          ],
          "suites": [],
          "passes": [
            "32924393-5937-4904-a81b-887a1d7c7f64"
          ],
          "failures": [],
          "pending": [],
          "skipped": [],
          "duration": 479,
          "root": false,
          "rootEmpty": false,
          "_timeout": 2000
        },
        {
          "uuid": "d49f1766-3ba6-4bed-9a3a-eba14e561880",
          "title": "coverage2",
          "fullFile": "",
          "file": "",
          "beforeHooks": [],
          "afterHooks": [],
          "tests": [
            {
              "title": "should pass",
              "fullTitle": "coverage2 should pass",
              "timedOut": null,
              "duration": 20,
              "state": "passed",
              "speed": "fast",
              "pass": true,
              "fail": false,
              "pending": false,
              "context": null,
              "code": "expect(1).to.equal(1);",
              "err": {},
              "uuid": "6ea84fe3-cfb2-43db-9ef3-4e928dc81352",
              "parentUUID": "d49f1766-3ba6-4bed-9a3a-eba14e561880",
              "isHook": false,
              "skipped": false
            }
          ],
          "suites": [],
          "passes": [
            "6ea84fe3-cfb2-43db-9ef3-4e928dc81352"
          ],
          "failures": [],
          "pending": [],
          "skipped": [],
          "duration": 20,
          "root": false,
          "rootEmpty": false,
          "_timeout": 2000
        },
        {
          "uuid": "42c33733-1359-43e9-8a93-3f90e3b23a79",
          "title": "Users",
          "fullFile": "",
          "file": "",
          "beforeHooks": [],
          "afterHooks": [],
          "tests": [
            {
              "title": "Can create user",
              "fullTitle": "Users Can create user",
              "timedOut": null,
              "duration": 30409,
              "state": "failed",
              "speed": null,
              "pass": false,
              "fail": true,
              "pending": false,
              "context": null,
              "code": "// cy.visit('/');\ncy.request('POST', \"\".concat(Cypress.config('apiUrl'), \"/auth/register\"), {\n  firstName: 'charles',\n  lastName: 'brady',\n  email: 'ranom',\n  password: 'myPassword1!'\n}).then(function (response) {\n  // response.body is automatically serialized into JSON\n  expect(response.body).to.have.property('firstName', 'charles'); // true\n});",
              "err": {
                "message": "CypressError: cy.request() timed out waiting 30000ms for a response from your server.\n\nThe request we sent was:\n\nMethod: POST\nURL: https://mernolithic-sql-staging.herokuapp.com/auth/register\n\nNo response was received within the timeout.",
                "estack": "CypressError: cy.request() timed out waiting 30000ms for a response from your server.\n\nThe request we sent was:\n\nMethod: POST\nURL: https://mernolithic-sql-staging.herokuapp.com/auth/register\n\nNo response was received within the timeout.\n    at cypressErr (https://mernolithic-sql-staging.herokuapp.com/__cypress/runner/cypress_runner.js:138644:9)\n    at throwErr (https://mernolithic-sql-staging.herokuapp.com/__cypress/runner/cypress_runner.js:138577:11)\n    at Object.throwErrByPath (https://mernolithic-sql-staging.herokuapp.com/__cypress/runner/cypress_runner.js:138625:3)\n    at https://mernolithic-sql-staging.herokuapp.com/__cypress/runner/cypress_runner.js:128515:26\n    at tryCatcher (https://mernolithic-sql-staging.herokuapp.com/__cypress/runner/cypress_runner.js:165465:23)\n    at https://mernolithic-sql-staging.herokuapp.com/__cypress/runner/cypress_runner.js:160606:41\n    at tryCatcher (https://mernolithic-sql-staging.herokuapp.com/__cypress/runner/cypress_runner.js:165465:23)\n    at Promise._settlePromiseFromHandler (https://mernolithic-sql-staging.herokuapp.com/__cypress/runner/cypress_runner.js:163401:31)\n    at Promise._settlePromise (https://mernolithic-sql-staging.herokuapp.com/__cypress/runner/cypress_runner.js:163458:18)\n    at Promise._settlePromise0 (https://mernolithic-sql-staging.herokuapp.com/__cypress/runner/cypress_runner.js:163503:10)\n    at Promise._settlePromises (https://mernolithic-sql-staging.herokuapp.com/__cypress/runner/cypress_runner.js:163578:18)\n    at Async../node_modules/bluebird/js/release/async.js.Async._drainQueue (https://mernolithic-sql-staging.herokuapp.com/__cypress/runner/cypress_runner.js:160190:16)\n    at Async../node_modules/bluebird/js/release/async.js.Async._drainQueues (https://mernolithic-sql-staging.herokuapp.com/__cypress/runner/cypress_runner.js:160200:10)\n    at Async.drainQueues (https://mernolithic-sql-staging.herokuapp.com/__cypress/runner/cypress_runner.js:160074:14)",
                "diff": null
              },
              "uuid": "936a58b7-2cd0-4426-8a94-f3cba2421ccf",
              "parentUUID": "42c33733-1359-43e9-8a93-3f90e3b23a79",
              "isHook": false,
              "skipped": false
            }
          ],
          "suites": [],
          "passes": [],
          "failures": [
            "936a58b7-2cd0-4426-8a94-f3cba2421ccf"
          ],
          "pending": [],
          "skipped": [],
          "duration": 30409,
          "root": false,
          "rootEmpty": false,
          "_timeout": 2000
        }
      ],
      "passes": [],
      "failures": [],
      "pending": [],
      "skipped": [],
      "duration": 0,
      "root": true,
      "rootEmpty": true,
      "_timeout": 2000
    }
  ],
  "meta": {
    "mocha": {
      "version": "5.2.0"
    },
    "mochawesome": {
      "options": {
        "quiet": true,
        "reportFilename": "mochawesome",
        "saveHtml": false,
        "saveJson": true,
        "consoleReporter": "spec",
        "useInlineDiffs": false
      },
      "version": "4.1.0"
    },
    "marge": {
      "options": {
        "reportDir": "cypress/reports/integration/reports/mocha",
        "quiet": true,
        "html": false,
        "overwrite": false,
        "json": true
      },
      "version": "4.1.0"
    }
  }
}