{
  "stats": {
    "suites": 2,
    "tests": 3,
    "passes": 3,
    "pending": 0,
    "failures": 0,
    "start": "2020-05-19T05:14:15.031Z",
    "end": "2020-05-19T05:14:17.433Z",
    "duration": 2402,
    "testsRegistered": 3,
    "passPercent": 100,
    "pendingPercent": 0,
    "other": 1,
    "hasOther": true,
    "skipped": 0,
    "hasSkipped": false
  },
  "results": [
    {
      "uuid": "976479fe-b585-4d8d-a68e-286d2f1ff659",
      "title": "",
      "fullFile": "cypress/integration/test-spec.js",
      "file": "cypress/integration/test-spec.js",
      "beforeHooks": [],
      "afterHooks": [],
      "tests": [],
      "suites": [
        {
          "uuid": "58821154-0bd9-4674-a49f-b8104038ba8d",
          "title": "home",
          "fullFile": "",
          "file": "",
          "beforeHooks": [],
          "afterHooks": [],
          "tests": [
            {
              "title": "can visit homepage",
              "fullTitle": "home can visit homepage",
              "timedOut": null,
              "duration": 997,
              "state": "failed",
              "speed": "slow",
              "pass": false,
              "fail": true,
              "pending": false,
              "context": null,
              "code": "cy.visit('/');",
              "err": {
                "message": "CypressError: `cy.task('coverageReport')` failed with the following error:\n\n> Error: Command failed with exit code 1: /Users/charlesbrady/Desktop/cleanup/Development/Starters/MERNolithic_sql/node_modules/.bin/nyc report --report-dir ./coverage --temp-dir /Users/charlesbrady/Desktop/cleanup/Development/Starters/MERNolithic_sql/.nyc_output --reporter=lcov --reporter=clover --reporter=json\n    at makeError (/Users/charlesbrady/Desktop/cleanup/Development/Starters/MERNolithic_sql/node_modules/@cypress/code-coverage/node_modules/execa/lib/error.js:58:11)\n    at handlePromise (/Users/charlesbrady/Desktop/cleanup/Development/Starters/MERNolithic_sql/node_modules/@cypress/code-coverage/node_modules/execa/index.js:114:26)\n\nBecause this error occurred during a `after all` hook we are skipping all of the remaining tests.",
                "estack": "CypressError: `cy.task('coverageReport')` failed with the following error:\n\n> Error: Command failed with exit code 1: /Users/charlesbrady/Desktop/cleanup/Development/Starters/MERNolithic_sql/node_modules/.bin/nyc report --report-dir ./coverage --temp-dir /Users/charlesbrady/Desktop/cleanup/Development/Starters/MERNolithic_sql/.nyc_output --reporter=lcov --reporter=clover --reporter=json\n    at makeError (/Users/charlesbrady/Desktop/cleanup/Development/Starters/MERNolithic_sql/node_modules/@cypress/code-coverage/node_modules/execa/lib/error.js:58:11)\n    at handlePromise (/Users/charlesbrady/Desktop/cleanup/Development/Starters/MERNolithic_sql/node_modules/@cypress/code-coverage/node_modules/execa/index.js:114:26)\n\nBecause this error occurred during a `after all` hook we are skipping all of the remaining tests.\n    at cypressErr (http://localhost:8081/__cypress/runner/cypress_runner.js:146621:16)\n    at cypressErrByPath (http://localhost:8081/__cypress/runner/cypress_runner.js:146630:10)\n    at Object.throwErrByPath (http://localhost:8081/__cypress/runner/cypress_runner.js:146593:11)\n    at http://localhost:8081/__cypress/runner/cypress_runner.js:136354:26\n    at tryCatcher (http://localhost:8081/__cypress/runner/cypress_runner.js:9065:23)\n    at Promise._settlePromiseFromHandler (http://localhost:8081/__cypress/runner/cypress_runner.js:7000:31)\n    at Promise._settlePromise (http://localhost:8081/__cypress/runner/cypress_runner.js:7057:18)\n    at Promise._settlePromise0 (http://localhost:8081/__cypress/runner/cypress_runner.js:7102:10)\n    at Promise._settlePromises (http://localhost:8081/__cypress/runner/cypress_runner.js:7178:18)\n    at _drainQueueStep (http://localhost:8081/__cypress/runner/cypress_runner.js:3772:12)\n    at _drainQueue (http://localhost:8081/__cypress/runner/cypress_runner.js:3765:9)\n    at Async.../../node_modules/bluebird/js/release/async.js.Async._drainQueues (http://localhost:8081/__cypress/runner/cypress_runner.js:3781:5)\n    at Async.drainQueues (http://localhost:8081/__cypress/runner/cypress_runner.js:3651:14)",
                "diff": null
              },
              "uuid": "63f112b2-5977-49a1-9317-371dc9cb53b3",
              "parentUUID": "58821154-0bd9-4674-a49f-b8104038ba8d",
              "isHook": false,
              "skipped": false
            }
          ],
          "suites": [],
          "passes": [],
          "failures": [
            "63f112b2-5977-49a1-9317-371dc9cb53b3"
          ],
          "pending": [],
          "skipped": [],
          "duration": 997,
          "root": false,
          "rootEmpty": false,
          "_timeout": 2000
        },
        {
          "uuid": "445d5c1c-53d4-4277-b0d1-598f8c5a5f24",
          "title": "Users",
          "fullFile": "",
          "file": "",
          "beforeHooks": [],
          "afterHooks": [],
          "tests": [
            {
              "title": "Can create user",
              "fullTitle": "Users Can create user",
              "timedOut": null,
              "duration": 171,
              "state": "passed",
              "speed": "slow",
              "pass": true,
              "fail": false,
              "pending": false,
              "context": null,
              "code": "cy.request('POST', \"\".concat(Cypress.config('apiUrl'), \"/auth/user\"), {\n  firstName: 'charles',\n  lastName: 'brady',\n  email: 'ranom',\n  password: 'myPassword1!'\n}).then(function (response) {\n  // response.body is automatically serialized into JSON\n  expect(response.body).to.have.property('firstName', 'charles'); // true\n});",
              "err": {},
              "uuid": "a1e3be93-0b95-415e-ac7b-62a4cf7b8b2f",
              "parentUUID": "445d5c1c-53d4-4277-b0d1-598f8c5a5f24",
              "isHook": false,
              "skipped": false
            },
            {
              "title": "Can authenticate user",
              "fullTitle": "Users Can authenticate user",
              "timedOut": null,
              "duration": 152,
              "state": "passed",
              "speed": "slow",
              "pass": true,
              "fail": false,
              "pending": false,
              "context": null,
              "code": "cy.request('POST', \"\".concat(Cypress.config('apiUrl'), \"/auth/authenticate\"), {\n  email: 'ranom',\n  password: 'myPassword1!'\n}).then(function (response) {\n  expect(response.body).to.equal('OK');\n});",
              "err": {},
              "uuid": "5054614c-ee61-4a29-b602-0395ffca9eb0",
              "parentUUID": "445d5c1c-53d4-4277-b0d1-598f8c5a5f24",
              "isHook": false,
              "skipped": false
            }
          ],
          "suites": [],
          "passes": [
            "a1e3be93-0b95-415e-ac7b-62a4cf7b8b2f",
            "5054614c-ee61-4a29-b602-0395ffca9eb0"
          ],
          "failures": [],
          "pending": [],
          "skipped": [],
          "duration": 323,
          "root": false,
          "rootEmpty": false,
          "_timeout": 2000
        }
      ],
      "passes": [],
      "failures": [],
      "pending": [],
      "skipped": [],
      "duration": 0,
      "root": true,
      "rootEmpty": true,
      "_timeout": 2000
    }
  ],
  "meta": {
    "mocha": {
      "version": "7.0.1"
    },
    "mochawesome": {
      "options": {
        "quiet": true,
        "reportFilename": "mochawesome",
        "saveHtml": false,
        "saveJson": true,
        "consoleReporter": "spec",
        "useInlineDiffs": false
      },
      "version": "4.1.0"
    },
    "marge": {
      "options": {
        "reportDir": "cypress/reports/integration/reports/mocha",
        "quiet": true,
        "html": false,
        "overwrite": false,
        "json": true
      },
      "version": "4.1.0"
    }
  }
}