{
  "stats": {
    "suites": 3,
    "tests": 3,
    "passes": 2,
    "pending": 0,
    "failures": 1,
    "start": "2020-03-23T04:01:24.304Z",
    "end": "2020-03-23T04:01:25.892Z",
    "duration": 1588,
    "testsRegistered": 3,
    "passPercent": 66.66666666666666,
    "pendingPercent": 0,
    "other": 0,
    "hasOther": false,
    "skipped": 0,
    "hasSkipped": false
  },
  "results": [
    {
      "uuid": "e81ba8d5-04f1-4dfc-8cf8-7208a7654999",
      "title": "",
      "fullFile": "cypress/integration/test-spec.js",
      "file": "cypress/integration/test-spec.js",
      "beforeHooks": [],
      "afterHooks": [],
      "tests": [],
      "suites": [
        {
          "uuid": "19d14ccf-8437-4eeb-9e07-4825755c6bd5",
          "title": "coverage",
          "fullFile": "",
          "file": "",
          "beforeHooks": [],
          "afterHooks": [],
          "tests": [
            {
              "title": "cover the tested code",
              "fullTitle": "coverage cover the tested code",
              "timedOut": null,
              "duration": 661,
              "state": "passed",
              "speed": "slow",
              "pass": true,
              "fail": false,
              "pending": false,
              "context": null,
              "code": "cy.visit('/');\ncy.get('button').click();",
              "err": {},
              "uuid": "d0995104-2698-4745-b53a-a838407bee10",
              "parentUUID": "19d14ccf-8437-4eeb-9e07-4825755c6bd5",
              "isHook": false,
              "skipped": false
            }
          ],
          "suites": [],
          "passes": [
            "d0995104-2698-4745-b53a-a838407bee10"
          ],
          "failures": [],
          "pending": [],
          "skipped": [],
          "duration": 661,
          "root": false,
          "rootEmpty": false,
          "_timeout": 2000
        },
        {
          "uuid": "62ef5508-a826-447f-a39b-c67ce4908219",
          "title": "coverage2",
          "fullFile": "",
          "file": "",
          "beforeHooks": [],
          "afterHooks": [],
          "tests": [
            {
              "title": "should pass",
              "fullTitle": "coverage2 should pass",
              "timedOut": null,
              "duration": 16,
              "state": "passed",
              "speed": "fast",
              "pass": true,
              "fail": false,
              "pending": false,
              "context": null,
              "code": "expect(1).to.equal(1);",
              "err": {},
              "uuid": "d737312c-ef6f-4aae-bf9d-60baed407f9c",
              "parentUUID": "62ef5508-a826-447f-a39b-c67ce4908219",
              "isHook": false,
              "skipped": false
            }
          ],
          "suites": [],
          "passes": [
            "d737312c-ef6f-4aae-bf9d-60baed407f9c"
          ],
          "failures": [],
          "pending": [],
          "skipped": [],
          "duration": 16,
          "root": false,
          "rootEmpty": false,
          "_timeout": 2000
        },
        {
          "uuid": "ff822d7e-a77c-4ea5-877c-3cfb8597e5a8",
          "title": "Users",
          "fullFile": "",
          "file": "",
          "beforeHooks": [],
          "afterHooks": [],
          "tests": [
            {
              "title": "Can create user",
              "fullTitle": "Users Can create user",
              "timedOut": null,
              "duration": 458,
              "state": "failed",
              "speed": null,
              "pass": false,
              "fail": true,
              "pending": false,
              "context": null,
              "code": "// cy.visit('/');\ncy.request('POST', \"\".concat(Cypress.config('apiUrl'), \"/auth/register\"), {\n  firstName: 'charles',\n  lastName: 'brady',\n  email: 'ranom',\n  password: 'myPassword1!'\n}).then(function (response) {\n  // response.body is automatically serialized into JSON\n  expect(response.body).to.have.property('firstName', 'charles'); // true\n});",
              "err": {
                "message": "AssertionError: expected { Object (name, errors, ...) } to have property 'firstName'",
                "estack": "AssertionError: expected { Object (name, errors, ...) } to have property 'firstName'\n    at getRet (http://localhost:8081/__cypress/runner/cypress_runner.js:125261:16)\n    at tryCatcher (http://localhost:8081/__cypress/runner/cypress_runner.js:165465:23)\n    at Function.Promise.attempt.Promise.try (http://localhost:8081/__cypress/runner/cypress_runner.js:162740:29)\n    at Context.thenFn (http://localhost:8081/__cypress/runner/cypress_runner.js:125275:23)\n    at Context.then (http://localhost:8081/__cypress/runner/cypress_runner.js:125647:21)\n    at Context.<anonymous> (http://localhost:8081/__cypress/runner/cypress_runner.js:137585:21)\n    at http://localhost:8081/__cypress/runner/cypress_runner.js:137061:33\n    at tryCatcher (http://localhost:8081/__cypress/runner/cypress_runner.js:165465:23)\n    at Promise._settlePromiseFromHandler (http://localhost:8081/__cypress/runner/cypress_runner.js:163401:31)\n    at Promise._settlePromise (http://localhost:8081/__cypress/runner/cypress_runner.js:163458:18)\n    at Promise._settlePromiseCtx (http://localhost:8081/__cypress/runner/cypress_runner.js:163495:10)\n    at Async../node_modules/bluebird/js/release/async.js.Async._drainQueue (http://localhost:8081/__cypress/runner/cypress_runner.js:160195:12)\n    at Async../node_modules/bluebird/js/release/async.js.Async._drainQueues (http://localhost:8081/__cypress/runner/cypress_runner.js:160200:10)\n    at Async.drainQueues (http://localhost:8081/__cypress/runner/cypress_runner.js:160074:14)",
                "diff": null
              },
              "uuid": "62883080-c508-46ea-8547-fc75b3a961a2",
              "parentUUID": "ff822d7e-a77c-4ea5-877c-3cfb8597e5a8",
              "isHook": false,
              "skipped": false
            }
          ],
          "suites": [],
          "passes": [],
          "failures": [
            "62883080-c508-46ea-8547-fc75b3a961a2"
          ],
          "pending": [],
          "skipped": [],
          "duration": 458,
          "root": false,
          "rootEmpty": false,
          "_timeout": 2000
        }
      ],
      "passes": [],
      "failures": [],
      "pending": [],
      "skipped": [],
      "duration": 0,
      "root": true,
      "rootEmpty": true,
      "_timeout": 2000
    }
  ],
  "meta": {
    "mocha": {
      "version": "5.2.0"
    },
    "mochawesome": {
      "options": {
        "quiet": true,
        "reportFilename": "mochawesome",
        "saveHtml": false,
        "saveJson": true,
        "consoleReporter": "spec",
        "useInlineDiffs": false
      },
      "version": "4.1.0"
    },
    "marge": {
      "options": {
        "reportDir": "cypress/reports/integration/reports/mocha",
        "quiet": true,
        "html": false,
        "overwrite": false,
        "json": true
      },
      "version": "4.1.0"
    }
  }
}