{
  "stats": {
    "suites": 2,
    "tests": 3,
    "passes": 3,
    "pending": 0,
    "failures": 0,
    "start": "2020-05-17T01:29:53.819Z",
    "end": "2020-05-17T01:29:55.520Z",
    "duration": 1701,
    "testsRegistered": 3,
    "passPercent": 100,
    "pendingPercent": 0,
    "other": 0,
    "hasOther": false,
    "skipped": 0,
    "hasSkipped": false
  },
  "results": [
    {
      "uuid": "6391851e-f432-4e53-b7a0-8fada218b7f6",
      "title": "",
      "fullFile": "cypress/integration/test-spec.js",
      "file": "cypress/integration/test-spec.js",
      "beforeHooks": [],
      "afterHooks": [],
      "tests": [],
      "suites": [
        {
          "uuid": "325203f9-b9f5-4d91-be8e-7c287c969496",
          "title": "home",
          "fullFile": "",
          "file": "",
          "beforeHooks": [],
          "afterHooks": [],
          "tests": [
            {
              "title": "can visit homepage",
              "fullTitle": "home can visit homepage",
              "timedOut": null,
              "duration": 743,
              "state": "passed",
              "speed": "slow",
              "pass": true,
              "fail": false,
              "pending": false,
              "context": null,
              "code": "cy.visit('/');",
              "err": {},
              "uuid": "91d9f947-1f09-4d54-a7b9-9de1bc70c52f",
              "parentUUID": "325203f9-b9f5-4d91-be8e-7c287c969496",
              "isHook": false,
              "skipped": false
            }
          ],
          "suites": [],
          "passes": [
            "91d9f947-1f09-4d54-a7b9-9de1bc70c52f"
          ],
          "failures": [],
          "pending": [],
          "skipped": [],
          "duration": 743,
          "root": false,
          "rootEmpty": false,
          "_timeout": 2000
        },
        {
          "uuid": "36f8c585-00e8-4d51-b080-12b147add9fc",
          "title": "Users",
          "fullFile": "",
          "file": "",
          "beforeHooks": [],
          "afterHooks": [],
          "tests": [
            {
              "title": "Can create user",
              "fullTitle": "Users Can create user",
              "timedOut": null,
              "duration": 159,
              "state": "passed",
              "speed": "slow",
              "pass": true,
              "fail": false,
              "pending": false,
              "context": null,
              "code": "cy.request('POST', \"\".concat(Cypress.config('apiUrl'), \"/auth/user\"), {\n  firstName: 'charles',\n  lastName: 'brady',\n  email: 'ranom',\n  password: 'myPassword1!'\n}).then(function (response) {\n  // response.body is automatically serialized into JSON\n  expect(response.body).to.have.property('firstName', 'charles'); // true\n});",
              "err": {},
              "uuid": "e91ef525-dd2e-453d-aa91-f72f93837d78",
              "parentUUID": "36f8c585-00e8-4d51-b080-12b147add9fc",
              "isHook": false,
              "skipped": false
            },
            {
              "title": "Can authenticate user",
              "fullTitle": "Users Can authenticate user",
              "timedOut": null,
              "duration": 160,
              "state": "passed",
              "speed": "slow",
              "pass": true,
              "fail": false,
              "pending": false,
              "context": null,
              "code": "cy.request('POST', \"\".concat(Cypress.config('apiUrl'), \"/auth/authenticate\"), {\n  email: 'ranom',\n  password: 'myPassword1!'\n}).then(function (response) {\n  expect(response.body).to.equal('OK');\n});",
              "err": {},
              "uuid": "5eff201f-e10c-46fd-8822-31c7fbbabdf7",
              "parentUUID": "36f8c585-00e8-4d51-b080-12b147add9fc",
              "isHook": false,
              "skipped": false
            }
          ],
          "suites": [],
          "passes": [
            "e91ef525-dd2e-453d-aa91-f72f93837d78",
            "5eff201f-e10c-46fd-8822-31c7fbbabdf7"
          ],
          "failures": [],
          "pending": [],
          "skipped": [],
          "duration": 319,
          "root": false,
          "rootEmpty": false,
          "_timeout": 2000
        }
      ],
      "passes": [],
      "failures": [],
      "pending": [],
      "skipped": [],
      "duration": 0,
      "root": true,
      "rootEmpty": true,
      "_timeout": 2000
    }
  ],
  "meta": {
    "mocha": {
      "version": "7.0.1"
    },
    "mochawesome": {
      "options": {
        "quiet": true,
        "reportFilename": "mochawesome",
        "saveHtml": false,
        "saveJson": true,
        "consoleReporter": "spec",
        "useInlineDiffs": false
      },
      "version": "4.1.0"
    },
    "marge": {
      "options": {
        "reportDir": "cypress/reports/integration/reports/mocha",
        "quiet": true,
        "html": false,
        "overwrite": false,
        "json": true
      },
      "version": "4.1.0"
    }
  }
}