{
  "stats": {
    "suites": 2,
    "tests": 3,
    "passes": 1,
    "pending": 0,
    "failures": 2,
    "start": "2020-03-22T15:35:37.955Z",
    "end": "2020-03-22T15:35:43.760Z",
    "duration": 5805,
    "testsRegistered": 3,
    "passPercent": 33.33333333333333,
    "pendingPercent": 0,
    "other": 0,
    "hasOther": false,
    "skipped": 0,
    "hasSkipped": false
  },
  "results": [
    {
      "uuid": "0c37a552-e63e-4f9c-ad44-e3d6f7bff6d3",
      "title": "",
      "fullFile": "cypress/integration/anotherTest-spec.js",
      "file": "cypress/integration/anotherTest-spec.js",
      "beforeHooks": [],
      "afterHooks": [],
      "tests": [],
      "suites": [
        {
          "uuid": "433cfd68-8a68-4b6f-8c3d-bf6bcc6105dd",
          "title": "Test to see if element click fails",
          "fullFile": "",
          "file": "",
          "beforeHooks": [],
          "afterHooks": [],
          "tests": [
            {
              "title": "can click a button that is not there",
              "fullTitle": "Test to see if element click fails can click a button that is not there",
              "timedOut": null,
              "duration": 4811,
              "state": "failed",
              "speed": null,
              "pass": false,
              "fail": true,
              "pending": false,
              "context": null,
              "code": "cy.visit('/');\ncy.get('.callmemaybe').click();",
              "err": {
                "message": "CypressError: Timed out retrying: Expected to find element: '.callmemaybe', but never found it.",
                "estack": "CypressError: Timed out retrying: Expected to find element: '.callmemaybe', but never found it.\n    at cypressErr (http://localhost:8081/__cypress/runner/cypress_runner.js:138644:9)\n    at throwErr (http://localhost:8081/__cypress/runner/cypress_runner.js:138577:11)\n    at Object.throwErrByPath (http://localhost:8081/__cypress/runner/cypress_runner.js:138625:3)\n    at retry (http://localhost:8081/__cypress/runner/cypress_runner.js:132905:19)\n    at onFailFn (http://localhost:8081/__cypress/runner/cypress_runner.js:121122:16)\n    at tryCatcher (http://localhost:8081/__cypress/runner/cypress_runner.js:165465:23)\n    at Promise._settlePromiseFromHandler (http://localhost:8081/__cypress/runner/cypress_runner.js:163401:31)\n    at Promise._settlePromise (http://localhost:8081/__cypress/runner/cypress_runner.js:163458:18)\n    at Promise._settlePromise0 (http://localhost:8081/__cypress/runner/cypress_runner.js:163503:10)\n    at Promise._settlePromises (http://localhost:8081/__cypress/runner/cypress_runner.js:163578:18)\n    at Async../node_modules/bluebird/js/release/async.js.Async._drainQueue (http://localhost:8081/__cypress/runner/cypress_runner.js:160190:16)\n    at Async../node_modules/bluebird/js/release/async.js.Async._drainQueues (http://localhost:8081/__cypress/runner/cypress_runner.js:160200:10)\n    at Async.drainQueues (http://localhost:8081/__cypress/runner/cypress_runner.js:160074:14)",
                "diff": null
              },
              "uuid": "88ae3534-67c4-47a9-bda0-e579010308e2",
              "parentUUID": "433cfd68-8a68-4b6f-8c3d-bf6bcc6105dd",
              "isHook": false,
              "skipped": false
            },
            {
              "title": "Can visit homepage",
              "fullTitle": "Test to see if element click fails Can visit homepage",
              "timedOut": null,
              "duration": 118,
              "state": "passed",
              "speed": "slow",
              "pass": true,
              "fail": false,
              "pending": false,
              "context": null,
              "code": "cy.visit('/');",
              "err": {},
              "uuid": "bbf5d0e1-114f-4880-a5ca-4c2abf8862ed",
              "parentUUID": "433cfd68-8a68-4b6f-8c3d-bf6bcc6105dd",
              "isHook": false,
              "skipped": false
            }
          ],
          "suites": [],
          "passes": [
            "bbf5d0e1-114f-4880-a5ca-4c2abf8862ed"
          ],
          "failures": [
            "88ae3534-67c4-47a9-bda0-e579010308e2"
          ],
          "pending": [],
          "skipped": [],
          "duration": 4929,
          "root": false,
          "rootEmpty": false,
          "_timeout": 2000
        },
        {
          "uuid": "e4ced832-8185-4b7e-817f-f19ae90d479b",
          "title": "Test to see if 2 equals 1",
          "fullFile": "",
          "file": "",
          "beforeHooks": [],
          "afterHooks": [],
          "tests": [
            {
              "title": "should pass",
              "fullTitle": "Test to see if 2 equals 1 should pass",
              "timedOut": null,
              "duration": 312,
              "state": "failed",
              "speed": null,
              "pass": false,
              "fail": true,
              "pending": false,
              "context": null,
              "code": "expect(2).to.equal(1);",
              "err": {
                "message": "AssertionError: expected 2 to equal 1",
                "estack": "AssertionError: expected 2 to equal 1\n    at Context.runnable.fn (http://localhost:8081/__cypress/runner/cypress_runner.js:137870:24)\n    at callFn (http://localhost:8081/__cypress/runner/cypress_runner.js:80975:21)\n    at http://localhost:8081/__cypress/runner/cypress_runner.js:141210:28\n    at PassThroughHandlerContext.finallyHandler (http://localhost:8081/__cypress/runner/cypress_runner.js:162020:23)\n    at PassThroughHandlerContext.tryCatcher (http://localhost:8081/__cypress/runner/cypress_runner.js:165465:23)\n    at Promise._settlePromiseFromHandler (http://localhost:8081/__cypress/runner/cypress_runner.js:163401:31)\n    at Promise._settlePromise (http://localhost:8081/__cypress/runner/cypress_runner.js:163458:18)\n    at Promise._settlePromise0 (http://localhost:8081/__cypress/runner/cypress_runner.js:163503:10)\n    at Promise._settlePromises (http://localhost:8081/__cypress/runner/cypress_runner.js:163582:18)\n    at Async../node_modules/bluebird/js/release/async.js.Async._drainQueue (http://localhost:8081/__cypress/runner/cypress_runner.js:160190:16)\n    at Async../node_modules/bluebird/js/release/async.js.Async._drainQueues (http://localhost:8081/__cypress/runner/cypress_runner.js:160200:10)\n    at Async.drainQueues (http://localhost:8081/__cypress/runner/cypress_runner.js:160074:14)",
                "diff": "- 2\n+ 1\n"
              },
              "uuid": "89475179-eadd-489e-aa9f-fedcf2fd40e2",
              "parentUUID": "e4ced832-8185-4b7e-817f-f19ae90d479b",
              "isHook": false,
              "skipped": false
            }
          ],
          "suites": [],
          "passes": [],
          "failures": [
            "89475179-eadd-489e-aa9f-fedcf2fd40e2"
          ],
          "pending": [],
          "skipped": [],
          "duration": 312,
          "root": false,
          "rootEmpty": false,
          "_timeout": 2000
        }
      ],
      "passes": [],
      "failures": [],
      "pending": [],
      "skipped": [],
      "duration": 0,
      "root": true,
      "rootEmpty": true,
      "_timeout": 2000
    }
  ],
  "meta": {
    "mocha": {
      "version": "5.2.0"
    },
    "mochawesome": {
      "options": {
        "quiet": true,
        "reportFilename": "mochawesome",
        "saveHtml": false,
        "saveJson": true,
        "consoleReporter": "spec",
        "useInlineDiffs": false
      },
      "version": "4.1.0"
    },
    "marge": {
      "options": {
        "reportDir": "cypress/reports/integration/reports/mocha",
        "quiet": true,
        "html": false,
        "overwrite": false,
        "json": true
      },
      "version": "4.1.0"
    }
  }
}