{
  "stats": {
    "suites": 2,
    "tests": 2,
    "passes": 2,
    "pending": 0,
    "failures": 0,
    "start": "2020-03-21T23:59:55.338Z",
    "end": "2020-03-21T23:59:55.998Z",
    "duration": 660,
    "testsRegistered": 2,
    "passPercent": 100,
    "pendingPercent": 0,
    "other": 0,
    "hasOther": false,
    "skipped": 0,
    "hasSkipped": false
  },
  "results": [
    {
      "uuid": "2b4db827-9b7d-4066-a10b-9a55194b48fe",
      "title": "",
      "fullFile": "cypress/integration/test.js",
      "file": "cypress/integration/test.js",
      "beforeHooks": [],
      "afterHooks": [],
      "tests": [],
      "suites": [
        {
          "uuid": "d303226a-223f-47d3-b9b8-8e2a11f8c73c",
          "title": "coverage",
          "fullFile": "",
          "file": "",
          "beforeHooks": [],
          "afterHooks": [],
          "tests": [
            {
              "title": "cover the tested code",
              "fullTitle": "coverage cover the tested code",
              "timedOut": null,
              "duration": 620,
              "state": "passed",
              "speed": "slow",
              "pass": true,
              "fail": false,
              "pending": false,
              "context": null,
              "code": "cy.visit('/');\ncy.get('button').click();",
              "err": {},
              "uuid": "d2154129-03c6-438b-8b2a-ffec6b1aaae2",
              "parentUUID": "d303226a-223f-47d3-b9b8-8e2a11f8c73c",
              "isHook": false,
              "skipped": false
            }
          ],
          "suites": [],
          "passes": [
            "d2154129-03c6-438b-8b2a-ffec6b1aaae2"
          ],
          "failures": [],
          "pending": [],
          "skipped": [],
          "duration": 620,
          "root": false,
          "rootEmpty": false,
          "_timeout": 2000
        },
        {
          "uuid": "2640a419-69fc-4534-8aaa-947a0696e1b4",
          "title": "coverage2",
          "fullFile": "",
          "file": "",
          "beforeHooks": [],
          "afterHooks": [],
          "tests": [
            {
              "title": "should pass",
              "fullTitle": "coverage2 should pass",
              "timedOut": null,
              "duration": 16,
              "state": "passed",
              "speed": "fast",
              "pass": true,
              "fail": false,
              "pending": false,
              "context": null,
              "code": "expect(1).to.equal(1);",
              "err": {},
              "uuid": "f287b81e-3b01-4d9f-a225-dac817e0192f",
              "parentUUID": "2640a419-69fc-4534-8aaa-947a0696e1b4",
              "isHook": false,
              "skipped": false
            }
          ],
          "suites": [],
          "passes": [
            "f287b81e-3b01-4d9f-a225-dac817e0192f"
          ],
          "failures": [],
          "pending": [],
          "skipped": [],
          "duration": 16,
          "root": false,
          "rootEmpty": false,
          "_timeout": 2000
        }
      ],
      "passes": [],
      "failures": [],
      "pending": [],
      "skipped": [],
      "duration": 0,
      "root": true,
      "rootEmpty": true,
      "_timeout": 2000
    }
  ],
  "meta": {
    "mocha": {
      "version": "7.1.1"
    },
    "mochawesome": {
      "options": {
        "quiet": false,
        "reportFilename": "mochawesome",
        "saveHtml": false,
        "saveJson": true,
        "consoleReporter": "spec",
        "useInlineDiffs": false,
        "code": true
      },
      "version": "5.0.0"
    },
    "marge": {
      "options": {
        "reportDir": "cypress/reports/",
        "overwrite": false,
        "html": false,
        "json": true
      },
      "version": "4.1.0"
    }
  }
}