{
  "stats": {
    "suites": 2,
    "tests": 2,
    "passes": 2,
    "pending": 0,
    "failures": 0,
    "start": "2020-03-21T23:53:40.130Z",
    "end": "2020-03-21T23:53:40.848Z",
    "duration": 718,
    "testsRegistered": 2,
    "passPercent": 100,
    "pendingPercent": 0,
    "other": 0,
    "hasOther": false,
    "skipped": 0,
    "hasSkipped": false
  },
  "results": [
    {
      "uuid": "af1aa007-2ca8-47bb-a4a3-27463b8414b6",
      "title": "",
      "fullFile": "cypress/integration/test.js",
      "file": "cypress/integration/test.js",
      "beforeHooks": [],
      "afterHooks": [],
      "tests": [],
      "suites": [
        {
          "uuid": "59b6c25b-576a-482a-a5ef-143ebf4d5e04",
          "title": "coverage",
          "fullFile": "",
          "file": "",
          "beforeHooks": [],
          "afterHooks": [],
          "tests": [
            {
              "title": "cover the tested code",
              "fullTitle": "coverage cover the tested code",
              "timedOut": null,
              "duration": 678,
              "state": "passed",
              "speed": "slow",
              "pass": true,
              "fail": false,
              "pending": false,
              "context": null,
              "code": "cy.visit('/');\ncy.get('button').click();",
              "err": {},
              "uuid": "6f98c7bd-3595-4f89-95e1-9b651bfb06cb",
              "parentUUID": "59b6c25b-576a-482a-a5ef-143ebf4d5e04",
              "isHook": false,
              "skipped": false
            }
          ],
          "suites": [],
          "passes": [
            "6f98c7bd-3595-4f89-95e1-9b651bfb06cb"
          ],
          "failures": [],
          "pending": [],
          "skipped": [],
          "duration": 678,
          "root": false,
          "rootEmpty": false,
          "_timeout": 2000
        },
        {
          "uuid": "6a9912c8-3935-4ca5-b020-75bf9e4e9d76",
          "title": "coverage2",
          "fullFile": "",
          "file": "",
          "beforeHooks": [],
          "afterHooks": [],
          "tests": [
            {
              "title": "should pass",
              "fullTitle": "coverage2 should pass",
              "timedOut": null,
              "duration": 18,
              "state": "passed",
              "speed": "fast",
              "pass": true,
              "fail": false,
              "pending": false,
              "context": null,
              "code": "expect(1).to.equal(1);",
              "err": {},
              "uuid": "338fe202-1774-43d0-9fed-4104ae0d6255",
              "parentUUID": "6a9912c8-3935-4ca5-b020-75bf9e4e9d76",
              "isHook": false,
              "skipped": false
            }
          ],
          "suites": [],
          "passes": [
            "338fe202-1774-43d0-9fed-4104ae0d6255"
          ],
          "failures": [],
          "pending": [],
          "skipped": [],
          "duration": 18,
          "root": false,
          "rootEmpty": false,
          "_timeout": 2000
        }
      ],
      "passes": [],
      "failures": [],
      "pending": [],
      "skipped": [],
      "duration": 0,
      "root": true,
      "rootEmpty": true,
      "_timeout": 2000
    }
  ],
  "meta": {
    "mocha": {
      "version": "7.1.1"
    },
    "mochawesome": {
      "options": {
        "quiet": false,
        "reportFilename": "mochawesome",
        "saveHtml": false,
        "saveJson": true,
        "consoleReporter": "spec",
        "useInlineDiffs": false,
        "code": true
      },
      "version": "5.0.0"
    },
    "marge": {
      "options": {
        "reportDir": "cypress/report/",
        "overwrite": false,
        "html": false,
        "json": true
      },
      "version": "4.1.0"
    }
  }
}