{
  "stats": {
    "suites": 2,
    "tests": 2,
    "passes": 1,
    "pending": 0,
    "failures": 1,
    "start": "2020-03-21T23:43:48.846Z",
    "end": "2020-03-21T23:43:49.431Z",
    "duration": 585,
    "testsRegistered": 2,
    "passPercent": 50,
    "pendingPercent": 0,
    "other": 0,
    "hasOther": false,
    "skipped": 0,
    "hasSkipped": false
  },
  "results": [
    {
      "uuid": "64edc57d-aacb-48b6-8787-950693fff028",
      "title": "",
      "fullFile": "cypress/integration/test.js",
      "file": "cypress/integration/test.js",
      "beforeHooks": [],
      "afterHooks": [],
      "tests": [],
      "suites": [
        {
          "uuid": "37e7d9d2-5b2e-44af-b02d-0d5ce77e0890",
          "title": "coverage",
          "fullFile": "",
          "file": "",
          "beforeHooks": [],
          "afterHooks": [],
          "tests": [
            {
              "title": "cover the tested code",
              "fullTitle": "coverage cover the tested code",
              "timedOut": null,
              "duration": 516,
              "state": "failed",
              "speed": null,
              "pass": false,
              "fail": true,
              "pending": false,
              "context": null,
              "code": "cy.visit('/');\ncy.get('button').click();",
              "err": {
                "message": "CypressError: cy.visit() failed trying to load:\n\n/\n\nWe failed looking for this file at the path:\n\n/Users/charlesbrady/Desktop/cleanup/Development/Starters/MERNolithic_sql/\n\nThe internal Cypress web server responded with:\n\n  > 404: Not Found",
                "estack": "CypressError: cy.visit() failed trying to load:\n\n/\n\nWe failed looking for this file at the path:\n\n/Users/charlesbrady/Desktop/cleanup/Development/Starters/MERNolithic_sql/\n\nThe internal Cypress web server responded with:\n\n  > 404: Not Found\n    at cypressErr (http://localhost:52603/__cypress/runner/cypress_runner.js:138644:9)\n    at throwErr (http://localhost:52603/__cypress/runner/cypress_runner.js:138577:11)\n    at Object.throwErrByPath (http://localhost:52603/__cypress/runner/cypress_runner.js:138625:3)\n    at http://localhost:52603/__cypress/runner/cypress_runner.js:127513:34\n    at visitFailedByErr (http://localhost:52603/__cypress/runner/cypress_runner.js:127026:12)\n    at http://localhost:52603/__cypress/runner/cypress_runner.js:127494:22\n    at tryCatcher (http://localhost:52603/__cypress/runner/cypress_runner.js:165465:23)\n    at Promise._settlePromiseFromHandler (http://localhost:52603/__cypress/runner/cypress_runner.js:163401:31)\n    at Promise._settlePromise (http://localhost:52603/__cypress/runner/cypress_runner.js:163458:18)\n    at Promise._settlePromise0 (http://localhost:52603/__cypress/runner/cypress_runner.js:163503:10)\n    at Promise._settlePromises (http://localhost:52603/__cypress/runner/cypress_runner.js:163578:18)\n    at Async../node_modules/bluebird/js/release/async.js.Async._drainQueue (http://localhost:52603/__cypress/runner/cypress_runner.js:160190:16)\n    at Async../node_modules/bluebird/js/release/async.js.Async._drainQueues (http://localhost:52603/__cypress/runner/cypress_runner.js:160200:10)\n    at Async.drainQueues (http://localhost:52603/__cypress/runner/cypress_runner.js:160074:14)",
                "diff": null
              },
              "uuid": "30bede63-2082-4988-abc3-4701d74f7125",
              "parentUUID": "37e7d9d2-5b2e-44af-b02d-0d5ce77e0890",
              "isHook": false,
              "skipped": false
            }
          ],
          "suites": [],
          "passes": [],
          "failures": [
            "30bede63-2082-4988-abc3-4701d74f7125"
          ],
          "pending": [],
          "skipped": [],
          "duration": 516,
          "root": false,
          "rootEmpty": false,
          "_timeout": 2000
        },
        {
          "uuid": "b71d3b95-3c97-47f0-b778-b4a919cd68cb",
          "title": "coverage2",
          "fullFile": "",
          "file": "",
          "beforeHooks": [],
          "afterHooks": [],
          "tests": [
            {
              "title": "should pass",
              "fullTitle": "coverage2 should pass",
              "timedOut": null,
              "duration": 35,
              "state": "passed",
              "speed": "fast",
              "pass": true,
              "fail": false,
              "pending": false,
              "context": null,
              "code": "expect(1).to.equal(1);",
              "err": {},
              "uuid": "088ab3b3-6d94-4775-ab75-fed46851321b",
              "parentUUID": "b71d3b95-3c97-47f0-b778-b4a919cd68cb",
              "isHook": false,
              "skipped": false
            }
          ],
          "suites": [],
          "passes": [
            "088ab3b3-6d94-4775-ab75-fed46851321b"
          ],
          "failures": [],
          "pending": [],
          "skipped": [],
          "duration": 35,
          "root": false,
          "rootEmpty": false,
          "_timeout": 2000
        }
      ],
      "passes": [],
      "failures": [],
      "pending": [],
      "skipped": [],
      "duration": 0,
      "root": true,
      "rootEmpty": true,
      "_timeout": 2000
    }
  ],
  "meta": {
    "mocha": {
      "version": "7.1.1"
    },
    "mochawesome": {
      "options": {
        "quiet": false,
        "reportFilename": "mochawesome",
        "saveHtml": false,
        "saveJson": true,
        "consoleReporter": "spec",
        "useInlineDiffs": false,
        "code": true
      },
      "version": "5.0.0"
    },
    "marge": {
      "options": {
        "reportDir": "cypress/report/",
        "overwrite": false,
        "html": false,
        "json": true
      },
      "version": "4.1.0"
    }
  }
}