{
  "stats": {
    "suites": 2,
    "tests": 2,
    "passes": 2,
    "pending": 0,
    "failures": 0,
    "start": "2020-03-21T23:52:43.142Z",
    "end": "2020-03-21T23:52:43.837Z",
    "duration": 695,
    "testsRegistered": 2,
    "passPercent": 100,
    "pendingPercent": 0,
    "other": 0,
    "hasOther": false,
    "skipped": 0,
    "hasSkipped": false
  },
  "results": [
    {
      "uuid": "12bed50d-bfab-444a-99f2-b50a486a182c",
      "title": "",
      "fullFile": "cypress/integration/test.js",
      "file": "cypress/integration/test.js",
      "beforeHooks": [],
      "afterHooks": [],
      "tests": [],
      "suites": [
        {
          "uuid": "a9c33f3e-03fa-4507-a46c-42171a3a61d0",
          "title": "coverage",
          "fullFile": "",
          "file": "",
          "beforeHooks": [],
          "afterHooks": [],
          "tests": [
            {
              "title": "cover the tested code",
              "fullTitle": "coverage cover the tested code",
              "timedOut": null,
              "duration": 659,
              "state": "passed",
              "speed": "slow",
              "pass": true,
              "fail": false,
              "pending": false,
              "context": null,
              "code": "cy.visit('/');\ncy.get('button').click();",
              "err": {},
              "uuid": "c917b575-149c-4228-8af9-19347196ec06",
              "parentUUID": "a9c33f3e-03fa-4507-a46c-42171a3a61d0",
              "isHook": false,
              "skipped": false
            }
          ],
          "suites": [],
          "passes": [
            "c917b575-149c-4228-8af9-19347196ec06"
          ],
          "failures": [],
          "pending": [],
          "skipped": [],
          "duration": 659,
          "root": false,
          "rootEmpty": false,
          "_timeout": 2000
        },
        {
          "uuid": "79014e78-f696-4684-afbb-a3dd8b5f0587",
          "title": "coverage2",
          "fullFile": "",
          "file": "",
          "beforeHooks": [],
          "afterHooks": [],
          "tests": [
            {
              "title": "should pass",
              "fullTitle": "coverage2 should pass",
              "timedOut": null,
              "duration": 17,
              "state": "passed",
              "speed": "fast",
              "pass": true,
              "fail": false,
              "pending": false,
              "context": null,
              "code": "expect(1).to.equal(1);",
              "err": {},
              "uuid": "37589830-c22b-42fb-b1a0-6b2b3210a1b9",
              "parentUUID": "79014e78-f696-4684-afbb-a3dd8b5f0587",
              "isHook": false,
              "skipped": false
            }
          ],
          "suites": [],
          "passes": [
            "37589830-c22b-42fb-b1a0-6b2b3210a1b9"
          ],
          "failures": [],
          "pending": [],
          "skipped": [],
          "duration": 17,
          "root": false,
          "rootEmpty": false,
          "_timeout": 2000
        }
      ],
      "passes": [],
      "failures": [],
      "pending": [],
      "skipped": [],
      "duration": 0,
      "root": true,
      "rootEmpty": true,
      "_timeout": 2000
    }
  ],
  "meta": {
    "mocha": {
      "version": "7.1.1"
    },
    "mochawesome": {
      "options": {
        "quiet": false,
        "reportFilename": "mochawesome",
        "saveHtml": false,
        "saveJson": true,
        "consoleReporter": "spec",
        "useInlineDiffs": false,
        "code": true
      },
      "version": "5.0.0"
    },
    "marge": {
      "options": {
        "reportDir": "cypress/report/",
        "overwrite": false,
        "html": false,
        "json": true
      },
      "version": "4.1.0"
    }
  }
}